<?xml version="1.0" encoding="UTF-8"?>
<!-- Generated by org.testng.reporters.JUnitReportReporter -->
<testsuite hostname="ip-172-31-36-22" failures="0" tests="6" name="stepdefinitions.TestRunner" time="11.166" errors="2" timestamp="2026-01-30T06:50:23 UTC" skipped="0">
  <testcase classname="stepdefinitions.TestRunner" name="runScenario" time="0.003"/>
  <testcase classname="stepdefinitions.TestRunner" name="runScenario" time="3.582">
    <error message="The step &#039;user enters standard_user and secret_sauce&#039; is undefined.
You can implement this step using the snippet(s) below:

@When(&quot;user enters standard_user and secret_sauce&quot;)
public void user_enters_standard_user_and_secret_sauce() {
    // Write code here that turns the phrase above into concrete actions
    throw new io.cucumber.java.PendingException();
}
" type="io.cucumber.testng.UndefinedStepException">
      <![CDATA[io.cucumber.testng.UndefinedStepException: The step 'user enters standard_user and secret_sauce' is undefined.
You can implement this step using the snippet(s) below:

@When("user enters standard_user and secret_sauce")
public void user_enters_standard_user_and_secret_sauce() {
    // Write code here that turns the phrase above into concrete actions
    throw new io.cucumber.java.PendingException();
}

at ✽.user enters standard_user and secret_sauce(file:///home/labuser/git/repository3/newmaven/src/test/resources/feature/TestLogin.feature:25)
]]>
    </error>
  </testcase> <!-- runScenario -->
  <testcase classname="stepdefinitions.TestRunner" name="runScenario" time="0.002"/>
  <testcase classname="stepdefinitions.TestRunner" name="runScenario" time="0.052"/>
  <testcase classname="stepdefinitions.TestRunner" name="runScenario" time="4.627"/>
  <testcase classname="stepdefinitions.TestRunner" name="runScenario" time="2.900">
    <error message="The step &#039;user enters error_user and secret_sauce&#039; is undefined.
You can implement this step using the snippet(s) below:

@When(&quot;user enters error_user and secret_sauce&quot;)
public void user_enters_error_user_and_secret_sauce() {
    // Write code here that turns the phrase above into concrete actions
    throw new io.cucumber.java.PendingException();
}
" type="io.cucumber.testng.UndefinedStepException">
      <![CDATA[io.cucumber.testng.UndefinedStepException: The step 'user enters error_user and secret_sauce' is undefined.
You can implement this step using the snippet(s) below:

@When("user enters error_user and secret_sauce")
public void user_enters_error_user_and_secret_sauce() {
    // Write code here that turns the phrase above into concrete actions
    throw new io.cucumber.java.PendingException();
}

at ✽.user enters error_user and secret_sauce(file:///home/labuser/git/repository3/newmaven/src/test/resources/feature/TestLogin.feature:25)
]]>
    </error>
  </testcase> <!-- runScenario -->
</testsuite> <!-- stepdefinitions.TestRunner -->
